#
# A fatal error has been detected by the Java Runtime Environment:
#
#  Internal Error (./open/src/hotspot/os_cpu/windows_x86/os_windows_x86.cpp:145), pid=20304, tid=8848
#  guarantee(result == EXCEPTION_CONTINUE_EXECUTION) failed: Unexpected result from topLevelExceptionFilter
#
# JRE version: Java(TM) SE Runtime Environment (15.0.1+9) (build 15.0.1+9-18)
# Java VM: Java HotSpot(TM) 64-Bit Server VM (15.0.1+9-18, mixed mode, sharing, tiered, compressed oops, g1 gc, windows-amd64)
# No core dump will be written. Minidumps are not enabled by default on client versions of Windows
#
# If you would like to submit a bug report, please visit:
#   https://bugreport.java.com/bugreport/crash.jsp
# The crash happened outside the Java Virtual Machine in native code.
# See problematic frame for where to report the bug.
#

---------------  S U M M A R Y ------------

Command Line: -Dfile.encoding=UTF8 -ea -Xmx1024m 

Host: Intel(R) Core(TM) i5-3230M CPU @ 2.60GHz, 4 cores, 11G,  Windows 10 , 64 bit Build 19041 (10.0.19041.1348)
Time: Thu Feb  3 16:43:06 2022 대한민국 표준시 elapsed time: 206.709615 seconds (0d 0h 3m 26s)

---------------  T H R E A D  ---------------

Current thread (0x00000255bbab2730):  JavaThread "Python Reference Queue" daemon [_thread_in_native, id=8848, stack(0x0000008c6ea40000,0x0000008c6ec30000)]

Stack: [0x0000008c6ea40000,0x0000008c6ec30000]
Native frames: (J=compiled Java code, j=interpreted, Vv=VM code, C=native code)
C  0x00007ff9f5ccae9a
C  0x00007ff9f5e21389
C  0x00007ff9f5e22ae3
C  0x00007ff9f5e230f7
C  0x00007ff9f58b61cc
C  0x00007ff9f5ccaaac
C  [ntdll.dll+0xa20cf]
C  [ntdll.dll+0x51454]
C  [ntdll.dll+0xa0bfe]
C  0x00007ffa5251735d
C  0x00007ffa52517392
C  0x00007ffa52443884
C  0x00007ffa52446393
C  0x00007ffa826848eb
C  [python38.dll+0x16bd9]  dict_dealloc+0x239  (dictobject.c:1990)
C  [python38.dll+0x41fa4]  subtype_dealloc+0x1a4  (typeobject.c:1278)
C  [python38.dll+0x16b38]  dict_dealloc+0x198  (dictobject.c:1998)
C  [python38.dll+0x924e8]  subtype_clear+0xa8  (typeobject.c:1143)
C  [python38.dll+0x90ce0]  delete_garbage+0x50  (gcmodule.c:949)
C  [python38.dll+0x9042d]  collect+0x165  (gcmodule.c:1128)
C  [python38.dll+0x8f18d]  collect_with_callback+0x45  (gcmodule.c:1241)
C  [python38.dll+0xf64c3]  PyGC_Collect+0x63  (gcmodule.c:1834)
C  0x00007ffa690fbec0  Java_jpype_ref_JPypeReferenceQueue_wake+0x40  (jp_reference_queue.cpp:60)
C  0x00000255c777f0f7

Java frames: (J=compiled Java code, j=interpreted, Vv=VM code)
j  org.jpype.ref.JPypeReferenceQueue.wake(J)V+0
j  org.jpype.ref.JPypeReferenceQueue$Worker.run()V+49
j  java.lang.Thread.run()V+11 java.base@15.0.1
v  ~StubRoutines::call_stub

---------------  P R O C E S S  ---------------

Threads class SMR info:
_java_thread_list=0x00000255bb7a1b40, length=12, elements={
0x00000255bbab0f20, 0x00000255bbab13f0, 0x00000255bbab18c0, 0x00000255bbaabd50,
0x00000255bbaaa070, 0x00000255bbab1d90, 0x00000255b22f46d0, 0x00000255b22fede0,
0x00000255b2302590, 0x00000255bbab2260, 0x00000255bbaaaa10, 0x00000255bbab2730
}

Java Threads: ( => current thread )
  0x00000255bbab0f20 JavaThread "main" [_thread_in_native, id=17352, stack(0x0000008c6b400000,0x0000008c6b5f0000)]
  0x00000255bbab13f0 JavaThread "Reference Handler" daemon [_thread_blocked, id=9128, stack(0x0000008c6d300000,0x0000008c6d4f0000)]
  0x00000255bbab18c0 JavaThread "Finalizer" daemon [_thread_blocked, id=12156, stack(0x0000008c6d4f0000,0x0000008c6d6e0000)]
  0x00000255bbaabd50 JavaThread "Signal Dispatcher" daemon [_thread_blocked, id=15424, stack(0x0000008c6d6e0000,0x0000008c6d8d0000)]
  0x00000255bbaaa070 JavaThread "Attach Listener" daemon [_thread_blocked, id=16184, stack(0x0000008c6d8d0000,0x0000008c6dac0000)]
  0x00000255bbab1d90 JavaThread "Service Thread" daemon [_thread_blocked, id=9224, stack(0x0000008c6dac0000,0x0000008c6dcb0000)]
  0x00000255b22f46d0 JavaThread "C2 CompilerThread0" daemon [_thread_blocked, id=6560, stack(0x0000008c6dcb0000,0x0000008c6dea0000)]
  0x00000255b22fede0 JavaThread "C1 CompilerThread0" daemon [_thread_blocked, id=4600, stack(0x0000008c6dea0000,0x0000008c6e090000)]
  0x00000255b2302590 JavaThread "Sweeper thread" daemon [_thread_blocked, id=6156, stack(0x0000008c6e090000,0x0000008c6e280000)]
  0x00000255bbab2260 JavaThread "Notification Thread" daemon [_thread_blocked, id=18576, stack(0x0000008c6e280000,0x0000008c6e470000)]
  0x00000255bbaaaa10 JavaThread "Common-Cleaner" daemon [_thread_blocked, id=8632, stack(0x0000008c6e660000,0x0000008c6e850000)]
=>0x00000255bbab2730 JavaThread "Python Reference Queue" daemon [_thread_in_native, id=8848, stack(0x0000008c6ea40000,0x0000008c6ec30000)]

Other Threads:
  0x00000255bbcec1f0 VMThread "VM Thread" [stack: 0x0000008c6d110000,0x0000008c6d300000] [id=8244]
  0x00000255aa783aa0 WatcherThread [stack: 0x0000008c6e470000,0x0000008c6e660000] [id=1620]
  0x00000255bb9e0050 GCTaskThread "GC Thread#0" [stack: 0x0000008c6c760000,0x0000008c6c950000] [id=10624]
  0x00000255bec58340 GCTaskThread "GC Thread#1" [stack: 0x0000008c6ec30000,0x0000008c6ee20000] [id=6392]
  0x00000255bec55370 GCTaskThread "GC Thread#2" [stack: 0x0000008c6ee20000,0x0000008c6f010000] [id=15892]
  0x00000255bec556a0 GCTaskThread "GC Thread#3" [stack: 0x0000008c6f010000,0x0000008c6f200000] [id=12380]
  0x00000255bbd453e0 ConcurrentGCThread "G1 Main Marker" [stack: 0x0000008c6c950000,0x0000008c6cb40000] [id=11052]
  0x00000255be816cd0 ConcurrentGCThread "G1 Conc#0" [stack: 0x0000008c6cb40000,0x0000008c6cd30000] [id=5740]
  0x00000255bbc2e440 ConcurrentGCThread "G1 Refine#0" [stack: 0x0000008c6cd30000,0x0000008c6cf20000] [id=5320]
  0x00000255bbf80cd0 ConcurrentGCThread "G1 Young RemSet Sampling" [stack: 0x0000008c6cf20000,0x0000008c6d110000] [id=3660]

Threads with active compile tasks:

VM state: not at safepoint (normal execution)

VM Mutex/Monitor currently owned by a thread: None

Heap address: 0x00000000c0000000, size: 1024 MB, Compressed Oops mode: 32-bit
CDS archive(s) mapped at: [0x0000000800000000-0x0000000800b50000-0x0000000800b50000), size 11862016, SharedBaseAddress: 0x0000000800000000, ArchiveRelocationMode: 0.
Compressed class space mapped at: 0x0000000800b50000-0x0000000840b50000, size: 1073741824
Narrow klass base: 0x0000000800000000, Narrow klass shift: 3, Narrow klass range: 0x100000000

GC Precious Log:
 CPUs: 4 total, 4 available
 Memory: 12162M
 Large Page Support: Disabled
 NUMA Support: Disabled
 Compressed Oops: Enabled (32-bit)
 Heap Region Size: 1M
 Heap Min Capacity: 8M
 Heap Initial Capacity: 192M
 Heap Max Capacity: 1G
 Pre-touch: Disabled
 Parallel Workers: 4
 Concurrent Workers: 1
 Concurrent Refinement Workers: 4
 Periodic GC: Disabled

Heap:
 garbage-first heap   total 20480K, used 5490K [0x00000000c0000000, 0x0000000100000000)
  region size 1024K, 1 young (1024K), 0 survivors (0K)
 Metaspace       used 2488K, capacity 4850K, committed 5120K, reserved 1056768K
  class space    used 208K, capacity 436K, committed 512K, reserved 1048576K

Heap Regions: E=young(eden), S=young(survivor), O=old, HS=humongous(starts), HC=humongous(continues), CS=collection set, F=free, OA=open archive, CA=closed archive, TAMS=top-at-mark-start (previous, next)
|   0|0x00000000c0000000, 0x00000000c00ffff8, 0x00000000c0100000| 99%| O|  |TAMS 0x00000000c0000000, 0x00000000c0000000| Untracked 
|   1|0x00000000c0100000, 0x00000000c01ffff0, 0x00000000c0200000| 99%| O|  |TAMS 0x00000000c0100000, 0x00000000c0100000| Untracked 
|   2|0x00000000c0200000, 0x00000000c0300000, 0x00000000c0300000|100%| O|  |TAMS 0x00000000c0200000, 0x00000000c0200000| Untracked 
|   3|0x00000000c0300000, 0x00000000c0400000, 0x00000000c0400000|100%| O|  |TAMS 0x00000000c0300000, 0x00000000c0300000| Untracked 
|   4|0x00000000c0400000, 0x00000000c04fffa8, 0x00000000c0500000| 99%| O|  |TAMS 0x00000000c0400000, 0x00000000c0400000| Untracked 
|   5|0x00000000c0500000, 0x00000000c055c8a0, 0x00000000c0600000| 36%| O|  |TAMS 0x00000000c0500000, 0x00000000c0500000| Untracked 
|   6|0x00000000c0600000, 0x00000000c0600000, 0x00000000c0700000|  0%| F|  |TAMS 0x00000000c0600000, 0x00000000c0600000| Untracked 
|   7|0x00000000c0700000, 0x00000000c0700000, 0x00000000c0800000|  0%| F|  |TAMS 0x00000000c0700000, 0x00000000c0700000| Untracked 
|   8|0x00000000c0800000, 0x00000000c0800000, 0x00000000c0900000|  0%| F|  |TAMS 0x00000000c0800000, 0x00000000c0800000| Untracked 
|   9|0x00000000c0900000, 0x00000000c0900000, 0x00000000c0a00000|  0%| F|  |TAMS 0x00000000c0900000, 0x00000000c0900000| Untracked 
|  10|0x00000000c0a00000, 0x00000000c0a00000, 0x00000000c0b00000|  0%| F|  |TAMS 0x00000000c0a00000, 0x00000000c0a00000| Untracked 
|  11|0x00000000c0b00000, 0x00000000c0b00000, 0x00000000c0c00000|  0%| F|  |TAMS 0x00000000c0b00000, 0x00000000c0b00000| Untracked 
|  12|0x00000000c0c00000, 0x00000000c0c00000, 0x00000000c0d00000|  0%| F|  |TAMS 0x00000000c0c00000, 0x00000000c0c00000| Untracked 
|  13|0x00000000c0d00000, 0x00000000c0d00000, 0x00000000c0e00000|  0%| F|  |TAMS 0x00000000c0d00000, 0x00000000c0d00000| Untracked 
|  14|0x00000000c0e00000, 0x00000000c0e00000, 0x00000000c0f00000|  0%| F|  |TAMS 0x00000000c0e00000, 0x00000000c0e00000| Untracked 
|  15|0x00000000c0f00000, 0x00000000c0f00000, 0x00000000c1000000|  0%| F|  |TAMS 0x00000000c0f00000, 0x00000000c0f00000| Untracked 
|  16|0x00000000c1000000, 0x00000000c1000000, 0x00000000c1100000|  0%| F|  |TAMS 0x00000000c1000000, 0x00000000c1000000| Untracked 
|  17|0x00000000c1100000, 0x00000000c1100000, 0x00000000c1200000|  0%| F|  |TAMS 0x00000000c1100000, 0x00000000c1100000| Untracked 
|  18|0x00000000c1200000, 0x00000000c1200000, 0x00000000c1300000|  0%| F|  |TAMS 0x00000000c1200000, 0x00000000c1200000| Untracked 
|  19|0x00000000c1300000, 0x00000000c130d530, 0x00000000c1400000|  5%| E|  |TAMS 0x00000000c1300000, 0x00000000c1300000| Complete 

Card table byte_map: [0x00000255d6970000,0x00000255d6b70000] _byte_map_base: 0x00000255d6370000

Marking Bits (Prev, Next): (CMBitMap*) 0x00000255bb8e8af0, (CMBitMap*) 0x00000255bb8e8b30
 Prev Bits: [0x00000255d6d70000, 0x00000255d7d70000)
 Next Bits: [0x00000255d7d70000, 0x00000255d8d70000)

Polling page: 0x00000255bde40000

Metaspace:

Usage:
  Non-class:      4.31 MB capacity,     2.23 MB ( 52%) used,     2.08 MB ( 48%) free+waste,     1.94 KB ( <1%) overhead. 
      Class:    436.00 KB capacity,   208.88 KB ( 48%) used,   226.12 KB ( 52%) free+waste,     1.00 KB ( <1%) overhead. 
       Both:      4.74 MB capacity,     2.43 MB ( 51%) used,     2.30 MB ( 49%) free+waste,     2.94 KB ( <1%) overhead. 

Virtual space:
  Non-class space:        8.00 MB reserved,       4.50 MB ( 56%) committed 
      Class space:        1.00 GB reserved,     512.00 KB ( <1%) committed 
             Both:        1.01 GB reserved,       5.00 MB ( <1%) committed 

Chunk freelists:
   Non-Class:  2.00 KB
       Class:  12.00 KB
        Both:  14.00 KB

MaxMetaspaceSize: 17179869184.00 GB
CompressedClassSpaceSize: 1.00 GB

CodeHeap 'non-profiled nmethods': size=120000Kb used=373Kb max_used=373Kb free=119626Kb
 bounds [0x00000255cf240000, 0x00000255cf4b0000, 0x00000255d6770000]
CodeHeap 'profiled nmethods': size=120000Kb used=1427Kb max_used=1427Kb free=118573Kb
 bounds [0x00000255c7d10000, 0x00000255c7f80000, 0x00000255cf240000]
CodeHeap 'non-nmethods': size=5760Kb used=1134Kb max_used=1167Kb free=4625Kb
 bounds [0x00000255c7770000, 0x00000255c79e0000, 0x00000255c7d10000]
 total_blobs=1277 nmethods=895 adapters=295
 compilation: enabled
              stopped_count=0, restarted_count=0
 full_count=0

Compilation events (20 events):
Event: 1.054 Thread 0x00000255b22fede0  885       3       java.nio.HeapByteBuffer::getShort (29 bytes)
Event: 1.055 Thread 0x00000255b2301660 nmethod 881 0x00000255cf299f90 code [0x00000255cf29a100, 0x00000255cf29a178]
Event: 1.055 Thread 0x00000255b22fede0 nmethod 885 0x00000255c7e71c10 code [0x00000255c7e71e00, 0x00000255c7e722c8]
Event: 1.055 Thread 0x00000255b22fede0  886       3       jdk.internal.misc.Unsafe::getShortUnaligned (12 bytes)
Event: 1.055 Thread 0x00000255b22fede0 nmethod 886 0x00000255c7e72490 code [0x00000255c7e72640, 0x00000255c7e72878]
Event: 1.055 Thread 0x00000255b22fede0  887       3       jdk.internal.misc.Unsafe::getShortUnaligned (33 bytes)
Event: 1.056 Thread 0x00000255b22fede0 nmethod 887 0x00000255c7e72990 code [0x00000255c7e72b60, 0x00000255c7e72ef8]
Event: 1.056 Thread 0x00000255b22fede0  888       3       jdk.internal.misc.Unsafe::convEndian (16 bytes)
Event: 1.056 Thread 0x00000255b22fede0 nmethod 888 0x00000255c7e73090 code [0x00000255c7e73220, 0x00000255c7e733d8]
Event: 1.056 Thread 0x00000255b22fede0  889       3       java.lang.Short::reverseBytes (14 bytes)
Event: 1.056 Thread 0x00000255b22fede0 nmethod 889 0x00000255c7e73490 code [0x00000255c7e73620, 0x00000255c7e73718]
Event: 1.056 Thread 0x00000255b22fede0  890       1       java.net.URL::getUserInfo (5 bytes)
Event: 1.056 Thread 0x00000255b22fede0 nmethod 890 0x00000255cf29a290 code [0x00000255cf29a420, 0x00000255cf29a4d8]
Event: 1.068 Thread 0x00000255b22f46d0 nmethod 857 0x00000255cf29a590 code [0x00000255cf29a7a0, 0x00000255cf29ba78]
Event: 25.327 Thread 0x00000255b22fede0  892       3       java.lang.ref.ReferenceQueue::reallyPoll (65 bytes)
Event: 25.328 Thread 0x00000255b22fede0 nmethod 892 0x00000255c7e73790 code [0x00000255c7e73960, 0x00000255c7e73e78]
Event: 31.949 Thread 0x00000255b22fede0  893       1       org.jpype.ref.JPypeReferenceQueue::access$100 (5 bytes)
Event: 31.949 Thread 0x00000255b22fede0 nmethod 893 0x00000255cf29ce10 code [0x00000255cf29cfa0, 0x00000255cf29d038]
Event: 53.893 Thread 0x00000255b22fede0  894   !   3       java.lang.ref.ReferenceQueue::remove (125 bytes)
Event: 53.894 Thread 0x00000255b22fede0 nmethod 894 0x00000255c7e73f90 code [0x00000255c7e741a0, 0x00000255c7e748f8]

GC Heap History (20 events):
Event: 37.574 GC heap before
{Heap before GC invocations=36 (full 29):
 garbage-first heap   total 20480K, used 5490K [0x00000000c0000000, 0x0000000100000000)
  region size 1024K, 1 young (1024K), 0 survivors (0K)
 Metaspace       used 2487K, capacity 4850K, committed 5120K, reserved 1056768K
  class space    used 208K, capacity 436K, committed 512K, reserved 1048576K
}
Event: 37.584 GC heap after
{Heap after GC invocations=37 (full 30):
 garbage-first heap   total 20480K, used 5489K [0x00000000c0000000, 0x0000000100000000)
  region size 1024K, 0 young (0K), 0 survivors (0K)
 Metaspace       used 2487K, capacity 4850K, committed 5120K, reserved 1056768K
  class space    used 208K, capacity 436K, committed 512K, reserved 1048576K
}
Event: 38.523 GC heap before
{Heap before GC invocations=37 (full 30):
 garbage-first heap   total 20480K, used 5489K [0x00000000c0000000, 0x0000000100000000)
  region size 1024K, 1 young (1024K), 0 survivors (0K)
 Metaspace       used 2487K, capacity 4850K, committed 5120K, reserved 1056768K
  class space    used 208K, capacity 436K, committed 512K, reserved 1048576K
}
Event: 38.532 GC heap after
{Heap after GC invocations=38 (full 31):
 garbage-first heap   total 20480K, used 5489K [0x00000000c0000000, 0x0000000100000000)
  region size 1024K, 0 young (0K), 0 survivors (0K)
 Metaspace       used 2487K, capacity 4850K, committed 5120K, reserved 1056768K
  class space    used 208K, capacity 436K, committed 512K, reserved 1048576K
}
Event: 38.676 GC heap before
{Heap before GC invocations=38 (full 31):
 garbage-first heap   total 20480K, used 5489K [0x00000000c0000000, 0x0000000100000000)
  region size 1024K, 1 young (1024K), 0 survivors (0K)
 Metaspace       used 2487K, capacity 4850K, committed 5120K, reserved 1056768K
  class space    used 208K, capacity 436K, committed 512K, reserved 1048576K
}
Event: 38.687 GC heap after
{Heap after GC invocations=39 (full 32):
 garbage-first heap   total 20480K, used 5489K [0x00000000c0000000, 0x0000000100000000)
  region size 1024K, 0 young (0K), 0 survivors (0K)
 Metaspace       used 2487K, capacity 4850K, committed 5120K, reserved 1056768K
  class space    used 208K, capacity 436K, committed 512K, reserved 1048576K
}
Event: 38.783 GC heap before
{Heap before GC invocations=39 (full 32):
 garbage-first heap   total 20480K, used 5489K [0x00000000c0000000, 0x0000000100000000)
  region size 1024K, 1 young (1024K), 0 survivors (0K)
 Metaspace       used 2487K, capacity 4850K, committed 5120K, reserved 1056768K
  class space    used 208K, capacity 436K, committed 512K, reserved 1048576K
}
Event: 38.792 GC heap after
{Heap after GC invocations=40 (full 33):
 garbage-first heap   total 20480K, used 5490K [0x00000000c0000000, 0x0000000100000000)
  region size 1024K, 0 young (0K), 0 survivors (0K)
 Metaspace       used 2487K, capacity 4850K, committed 5120K, reserved 1056768K
  class space    used 208K, capacity 436K, committed 512K, reserved 1048576K
}
Event: 38.934 GC heap before
{Heap before GC invocations=40 (full 33):
 garbage-first heap   total 20480K, used 5490K [0x00000000c0000000, 0x0000000100000000)
  region size 1024K, 1 young (1024K), 0 survivors (0K)
 Metaspace       used 2487K, capacity 4850K, committed 5120K, reserved 1056768K
  class space    used 208K, capacity 436K, committed 512K, reserved 1048576K
}
Event: 38.943 GC heap after
{Heap after GC invocations=41 (full 34):
 garbage-first heap   total 20480K, used 5489K [0x00000000c0000000, 0x0000000100000000)
  region size 1024K, 0 young (0K), 0 survivors (0K)
 Metaspace       used 2487K, capacity 4850K, committed 5120K, reserved 1056768K
  class space    used 208K, capacity 436K, committed 512K, reserved 1048576K
}
Event: 45.362 GC heap before
{Heap before GC invocations=41 (full 34):
 garbage-first heap   total 20480K, used 5489K [0x00000000c0000000, 0x0000000100000000)
  region size 1024K, 1 young (1024K), 0 survivors (0K)
 Metaspace       used 2487K, capacity 4850K, committed 5120K, reserved 1056768K
  class space    used 208K, capacity 436K, committed 512K, reserved 1048576K
}
Event: 45.372 GC heap after
{Heap after GC invocations=42 (full 35):
 garbage-first heap   total 20480K, used 5489K [0x00000000c0000000, 0x0000000100000000)
  region size 1024K, 0 young (0K), 0 survivors (0K)
 Metaspace       used 2487K, capacity 4850K, committed 5120K, reserved 1056768K
  class space    used 208K, capacity 436K, committed 512K, reserved 1048576K
}
Event: 45.544 GC heap before
{Heap before GC invocations=42 (full 35):
 garbage-first heap   total 20480K, used 5489K [0x00000000c0000000, 0x0000000100000000)
  region size 1024K, 1 young (1024K), 0 survivors (0K)
 Metaspace       used 2487K, capacity 4850K, committed 5120K, reserved 1056768K
  class space    used 208K, capacity 436K, committed 512K, reserved 1048576K
}
Event: 45.553 GC heap after
{Heap after GC invocations=43 (full 36):
 garbage-first heap   total 20480K, used 5489K [0x00000000c0000000, 0x0000000100000000)
  region size 1024K, 0 young (0K), 0 survivors (0K)
 Metaspace       used 2487K, capacity 4850K, committed 5120K, reserved 1056768K
  class space    used 208K, capacity 436K, committed 512K, reserved 1048576K
}
Event: 45.634 GC heap before
{Heap before GC invocations=43 (full 36):
 garbage-first heap   total 20480K, used 5489K [0x00000000c0000000, 0x0000000100000000)
  region size 1024K, 1 young (1024K), 0 survivors (0K)
 Metaspace       used 2487K, capacity 4850K, committed 5120K, reserved 1056768K
  class space    used 208K, capacity 436K, committed 512K, reserved 1048576K
}
Event: 45.643 GC heap after
{Heap after GC invocations=44 (full 37):
 garbage-first heap   total 20480K, used 5490K [0x00000000c0000000, 0x0000000100000000)
  region size 1024K, 0 young (0K), 0 survivors (0K)
 Metaspace       used 2487K, capacity 4850K, committed 5120K, reserved 1056768K
  class space    used 208K, capacity 436K, committed 512K, reserved 1048576K
}
Event: 204.398 GC heap before
{Heap before GC invocations=44 (full 37):
 garbage-first heap   total 20480K, used 5490K [0x00000000c0000000, 0x0000000100000000)
  region size 1024K, 1 young (1024K), 0 survivors (0K)
 Metaspace       used 2488K, capacity 4850K, committed 5120K, reserved 1056768K
  class space    used 208K, capacity 436K, committed 512K, reserved 1048576K
}
Event: 204.407 GC heap after
{Heap after GC invocations=45 (full 38):
 garbage-first heap   total 20480K, used 5490K [0x00000000c0000000, 0x0000000100000000)
  region size 1024K, 0 young (0K), 0 survivors (0K)
 Metaspace       used 2488K, capacity 4850K, committed 5120K, reserved 1056768K
  class space    used 208K, capacity 436K, committed 512K, reserved 1048576K
}
Event: 205.427 GC heap before
{Heap before GC invocations=45 (full 38):
 garbage-first heap   total 20480K, used 5490K [0x00000000c0000000, 0x0000000100000000)
  region size 1024K, 1 young (1024K), 0 survivors (0K)
 Metaspace       used 2488K, capacity 4850K, committed 5120K, reserved 1056768K
  class space    used 208K, capacity 436K, committed 512K, reserved 1048576K
}
Event: 205.436 GC heap after
{Heap after GC invocations=46 (full 39):
 garbage-first heap   total 20480K, used 5490K [0x00000000c0000000, 0x0000000100000000)
  region size 1024K, 0 young (0K), 0 survivors (0K)
 Metaspace       used 2488K, capacity 4850K, committed 5120K, reserved 1056768K
  class space    used 208K, capacity 436K, committed 512K, reserved 1048576K
}

Deoptimization events (20 events):
Event: 0.845 Thread 0x00000255bbab0f20 Uncommon trap: trap_request=0xffffffbe fr.pc=0x00000255cf283278 relative=0x00000000000007b8
Event: 0.845 Thread 0x00000255bbab0f20 Uncommon trap: reason=profile_predicate action=maybe_recompile pc=0x00000255cf283278 method=jdk.internal.jimage.ImageStringsReader.charsFromByteBuffer([CLjava/nio/ByteBuffer;)V @ 6 c2
Event: 0.845 Thread 0x00000255bbab0f20 DEOPT PACKING pc=0x00000255cf283278 sp=0x0000008c6b5ec900
Event: 0.845 Thread 0x00000255bbab0f20 DEOPT UNPACKING pc=0x00000255c77be42f sp=0x0000008c6b5ec848 mode 2
Event: 0.845 Thread 0x00000255bbab0f20 Uncommon trap: trap_request=0xffffffbe fr.pc=0x00000255cf283278 relative=0x00000000000007b8
Event: 0.845 Thread 0x00000255bbab0f20 Uncommon trap: reason=profile_predicate action=maybe_recompile pc=0x00000255cf283278 method=jdk.internal.jimage.ImageStringsReader.charsFromByteBuffer([CLjava/nio/ByteBuffer;)V @ 6 c2
Event: 0.845 Thread 0x00000255bbab0f20 DEOPT PACKING pc=0x00000255cf283278 sp=0x0000008c6b5ec900
Event: 0.845 Thread 0x00000255bbab0f20 DEOPT UNPACKING pc=0x00000255c77be42f sp=0x0000008c6b5ec848 mode 2
Event: 0.845 Thread 0x00000255bbab0f20 Uncommon trap: trap_request=0xffffffbe fr.pc=0x00000255cf283278 relative=0x00000000000007b8
Event: 0.845 Thread 0x00000255bbab0f20 Uncommon trap: reason=profile_predicate action=maybe_recompile pc=0x00000255cf283278 method=jdk.internal.jimage.ImageStringsReader.charsFromByteBuffer([CLjava/nio/ByteBuffer;)V @ 6 c2
Event: 0.845 Thread 0x00000255bbab0f20 DEOPT PACKING pc=0x00000255cf283278 sp=0x0000008c6b5ec900
Event: 0.845 Thread 0x00000255bbab0f20 DEOPT UNPACKING pc=0x00000255c77be42f sp=0x0000008c6b5ec848 mode 2
Event: 0.858 Thread 0x00000255bbab0f20 Uncommon trap: trap_request=0xffffffbe fr.pc=0x00000255cf2846d0 relative=0x00000000000008f0
Event: 0.858 Thread 0x00000255bbab0f20 Uncommon trap: reason=profile_predicate action=maybe_recompile pc=0x00000255cf2846d0 method=jdk.internal.jimage.ImageStringsReader.charsFromByteBuffer([CLjava/nio/ByteBuffer;)V @ 6 c2
Event: 0.858 Thread 0x00000255bbab0f20 DEOPT PACKING pc=0x00000255cf2846d0 sp=0x0000008c6b5ec960
Event: 0.858 Thread 0x00000255bbab0f20 DEOPT UNPACKING pc=0x00000255c77be42f sp=0x0000008c6b5ec838 mode 2
Event: 1.036 Thread 0x00000255bbab0f20 Uncommon trap: trap_request=0xffffffbe fr.pc=0x00000255cf281080 relative=0x00000000000003e0
Event: 1.036 Thread 0x00000255bbab0f20 Uncommon trap: reason=profile_predicate action=maybe_recompile pc=0x00000255cf281080 method=java.lang.StringLatin1.indexOf([BI[BII)I @ 18 c2
Event: 1.036 Thread 0x00000255bbab0f20 DEOPT PACKING pc=0x00000255cf281080 sp=0x0000008c6b5edbd0
Event: 1.036 Thread 0x00000255bbab0f20 DEOPT UNPACKING pc=0x00000255c77be42f sp=0x0000008c6b5edb30 mode 2

Classes unloaded (0 events):
No events

Classes redefined (0 events):
No events

Internal exceptions (7 events):
Event: 0.079 Thread 0x00000255bbab0f20 Exception <a 'java/io/IOException'{0x00000000cbf96f78}: Bad pathname> (0x00000000cbf96f78) 
thrown [./open/src/hotspot/share/prims/jni.cpp, line 599]
Event: 0.088 Thread 0x00000255bbab0f20 Exception <a 'java/io/IOException'{0x00000000cbf99fc0}: Bad pathname> (0x00000000cbf99fc0) 
thrown [./open/src/hotspot/share/prims/jni.cpp, line 599]
Event: 0.374 Thread 0x00000255bbab0f20 Exception <a 'java/lang/NoSuchMethodError'{0x00000000cbc17250}: 'java.lang.Object java.lang.invoke.DirectMethodHandle$Holder.invokeInterface(java.lang.Object, java.lang.Object)'> (0x00000000cbc17250) 
thrown [./open/src/hotspot/share/interpreter/linkResolver.cpp, line 782]
Event: 0.375 Thread 0x00000255bbab0f20 Exception <a 'java/lang/IncompatibleClassChangeError'{0x00000000cbc1abc8}: Found class java.lang.Object, but interface was expected> (0x00000000cbc1abc8) 
thrown [./open/src/hotspot/share/interpreter/linkResolver.cpp, line 848]
Event: 0.665 Thread 0x00000255bbab0f20 Exception <a 'java/lang/NoSuchMethodError'{0x00000000c0c39418}: 'void java.lang.invoke.DirectMethodHandle$Holder.invokeSpecial(java.lang.Object, java.lang.Object, java.lang.Object)'> (0x00000000c0c39418) 
thrown [./open/src/hotspot/share/interpreter/linkResolver.cpp, line 782]
Event: 0.687 Thread 0x00000255bbab0f20 Exception <a 'java/lang/NoSuchMethodError'{0x00000000c0c52f80}: 'java.lang.Object java.lang.invoke.DirectMethodHandle$Holder.invokeStatic(java.lang.Object)'> (0x00000000c0c52f80) 
thrown [./open/src/hotspot/share/interpreter/linkResolver.cpp, line 782]
Event: 0.697 Thread 0x00000255bbab0f20 Exception <a 'java/lang/NoSuchMethodError'{0x00000000c0c61b80}: 'java.lang.Object java.lang.invoke.DirectMethodHandle$Holder.invokeStaticInit(java.lang.Object)'> (0x00000000c0c61b80) 
thrown [./open/src/hotspot/share/interpreter/linkResolver.cpp, line 782]

Events (20 events):
Event: 38.523 Executing VM operation: G1CollectFull
Event: 38.532 Executing VM operation: G1CollectFull done
Event: 38.676 Executing VM operation: G1CollectFull
Event: 38.687 Executing VM operation: G1CollectFull done
Event: 38.783 Executing VM operation: G1CollectFull
Event: 38.793 Executing VM operation: G1CollectFull done
Event: 38.933 Executing VM operation: G1CollectFull
Event: 38.943 Executing VM operation: G1CollectFull done
Event: 45.362 Executing VM operation: G1CollectFull
Event: 45.372 Executing VM operation: G1CollectFull done
Event: 45.544 Executing VM operation: G1CollectFull
Event: 45.553 Executing VM operation: G1CollectFull done
Event: 45.633 Executing VM operation: G1CollectFull
Event: 45.643 Executing VM operation: G1CollectFull done
Event: 204.398 Executing VM operation: G1CollectFull
Event: 204.408 Executing VM operation: G1CollectFull done
Event: 205.427 Executing VM operation: G1CollectFull
Event: 205.436 Executing VM operation: G1CollectFull done
Event: 205.633 Executing VM operation: HandshakeAllThreads
Event: 205.633 Executing VM operation: HandshakeAllThreads done


Dynamic libraries:
0x00007ff714490000 - 0x00007ff7144ac000 	C:\anaconda3\python.exe
0x00007ffaae0f0000 - 0x00007ffaae2e5000 	C:\Windows\SYSTEM32\ntdll.dll
0x00007ffaad060000 - 0x00007ffaad11e000 	C:\Windows\System32\KERNEL32.DLL
0x00007ffaab8b0000 - 0x00007ffaabb78000 	C:\Windows\System32\KERNELBASE.dll
0x00007ffaabce0000 - 0x00007ffaabde0000 	C:\Windows\System32\ucrtbase.dll
0x00007ffa41630000 - 0x00007ffa41a62000 	C:\anaconda3\python38.dll
0x00007ffa92730000 - 0x00007ffa92749000 	C:\anaconda3\VCRUNTIME140.dll
0x00007ffaaca40000 - 0x00007ffaaca95000 	C:\Windows\System32\SHLWAPI.dll
0x00007ffaac1e0000 - 0x00007ffaac27e000 	C:\Windows\System32\msvcrt.dll
0x00007ffa9e7a0000 - 0x00007ffa9e7aa000 	C:\Windows\SYSTEM32\VERSION.dll
0x00007ffaadc50000 - 0x00007ffaadcbb000 	C:\Windows\System32\WS2_32.dll
0x00007ffaadcc0000 - 0x00007ffaaddea000 	C:\Windows\System32\RPCRT4.dll
0x00007ffaadba0000 - 0x00007ffaadc4c000 	C:\Windows\System32\ADVAPI32.dll
0x00007ffaad180000 - 0x00007ffaad21b000 	C:\Windows\System32\sechost.dll
0x00007ffaab140000 - 0x00007ffaab158000 	C:\Windows\SYSTEM32\CRYPTSP.dll
0x00007ffaaa860000 - 0x00007ffaaa894000 	C:\Windows\system32\rsaenh.dll
0x00007ffaabed0000 - 0x00007ffaabef7000 	C:\Windows\System32\bcrypt.dll
0x00007ffaab130000 - 0x00007ffaab13c000 	C:\Windows\SYSTEM32\CRYPTBASE.dll
0x00007ffaabde0000 - 0x00007ffaabe62000 	C:\Windows\System32\bcryptPrimitives.dll
0x00007ffaa67f0000 - 0x00007ffaa67ff000 	C:\anaconda3\python3.DLL
0x00007ffa92710000 - 0x00007ffa92727000 	C:\anaconda3\DLLs\_bz2.pyd
0x00007ffa91250000 - 0x00007ffa9127a000 	C:\anaconda3\DLLs\_lzma.pyd
0x00007ffa9a9c0000 - 0x00007ffa9a9cd000 	C:\anaconda3\DLLs\_hashlib.pyd
0x00007ffa49e30000 - 0x00007ffa4a0e4000 	C:\Program Files\Git\mingw64\bin\libcrypto-1_1-x64.dll
0x00007ffaac280000 - 0x00007ffaac421000 	C:\Windows\System32\USER32.dll
0x00007ffaac100000 - 0x00007ffaac122000 	C:\Windows\System32\win32u.dll
0x00007ffaae080000 - 0x00007ffaae0ab000 	C:\Windows\System32\GDI32.dll
0x00007ffaabf50000 - 0x00007ffaac05d000 	C:\Windows\System32\gdi32full.dll
0x00007ffaac060000 - 0x00007ffaac0fd000 	C:\Windows\System32\msvcp_win.dll
0x00007ffaac9b0000 - 0x00007ffaac9e0000 	C:\Windows\System32\IMM32.DLL
0x00007ffaa7700000 - 0x00007ffaa7708000 	C:\this\venv\lib\site-packages\markupsafe\_speedups.cp38-win_amd64.pyd
0x00007ffa90ea0000 - 0x00007ffa90eb6000 	C:\anaconda3\DLLs\_socket.pyd
0x00007ffaaabd0000 - 0x00007ffaaac0b000 	C:\Windows\SYSTEM32\IPHLPAPI.DLL
0x00007ffa92ad0000 - 0x00007ffa92ad9000 	C:\anaconda3\DLLs\select.pyd
0x00007ffa90a90000 - 0x00007ffa90ab7000 	C:\anaconda3\DLLs\_ssl.pyd
0x00007ffaabb80000 - 0x00007ffaabcd6000 	C:\Windows\System32\CRYPT32.dll
0x00007ffa7cd00000 - 0x00007ffa7cd92000 	C:\Program Files\Git\mingw64\bin\libssl-1_1-x64.dll
0x00007ffa90a70000 - 0x00007ffa90a90000 	C:\anaconda3\DLLs\_ctypes.pyd
0x00007ffaad320000 - 0x00007ffaad44a000 	C:\Windows\System32\ole32.dll
0x00007ffaac5a0000 - 0x00007ffaac8f5000 	C:\Windows\System32\combase.dll
0x00007ffa929d0000 - 0x00007ffa929db000 	C:\anaconda3\DLLs\libffi-7.dll
0x00007ffaac4d0000 - 0x00007ffaac59d000 	C:\Windows\System32\OLEAUT32.dll
0x00007ffa87320000 - 0x00007ffa8742e000 	C:\anaconda3\DLLs\unicodedata.pyd
0x00007ffa8d9c0000 - 0x00007ffa8da03000 	C:\anaconda3\DLLs\_decimal.pyd
0x00007ffaad450000 - 0x00007ffaadb94000 	C:\Windows\System32\shell32.DLL
0x00007ffa92790000 - 0x00007ffa927c1000 	C:\anaconda3\DLLs\pyexpat.pyd
0x00007ffa8fea0000 - 0x00007ffa8ff31000 	C:\anaconda3\msvcp140.dll
0x00007ffaa6980000 - 0x00007ffaa698c000 	C:\anaconda3\VCRUNTIME140_1.dll
0x00007ffa925d0000 - 0x00007ffa92617000 	C:\this\venv\lib\site-packages\torch\lib\asmjit.dll
0x00007ffa8d8f0000 - 0x00007ffa8d956000 	C:\this\venv\lib\site-packages\torch\lib\c10.dll
0x00007ffa9e520000 - 0x00007ffa9e704000 	C:\Windows\SYSTEM32\dbghelp.dll
0x00007ffa11bc0000 - 0x00007ffa13238000 	C:\this\venv\lib\site-packages\torch\lib\caffe2_detectron_ops.dll
0x00007ffa69920000 - 0x00007ffa69b29000 	C:\this\venv\lib\site-packages\torch\lib\libiomp5md.dll
0x00007ff9f6e50000 - 0x00007ffa03f3e000 	C:\this\venv\lib\site-packages\torch\lib\torch_cpu.dll
0x00007ffa4a150000 - 0x00007ffa4a4ad000 	C:\this\venv\lib\site-packages\torch\lib\fbgemm.dll
0x00007ffa30c60000 - 0x00007ffa30f1d000 	C:\this\venv\lib\site-packages\torch\lib\uv.dll
0x00007ffaac430000 - 0x00007ffaac438000 	C:\Windows\System32\PSAPI.DLL
0x00007ffaab700000 - 0x00007ffaab72e000 	C:\Windows\SYSTEM32\USERENV.dll
0x00007ffaa6810000 - 0x00007ffaa682b000 	C:\this\venv\lib\site-packages\torch\lib\caffe2_module_test_dynamic.dll
0x00007ffa74500000 - 0x00007ffa745e9000 	C:\this\venv\lib\site-packages\torch\lib\caffe2_observers.dll
0x00007ffaa6800000 - 0x00007ffaa680d000 	C:\this\venv\lib\site-packages\torch\lib\libiompstubs5md.dll
0x00007ffa94ad0000 - 0x00007ffa94ad9000 	C:\this\venv\lib\site-packages\torch\lib\shm.dll
0x00007ffa92780000 - 0x00007ffa92787000 	C:\this\venv\lib\site-packages\torch\lib\torch.dll
0x00007ffa92770000 - 0x00007ffa92777000 	C:\this\venv\lib\site-packages\torch\lib\torch_global_deps.dll
0x00007ff9f6330000 - 0x00007ff9f6e43000 	C:\this\venv\lib\site-packages\torch\lib\torch_python.dll
0x00007ffa92760000 - 0x00007ffa92767000 	C:\this\venv\lib\site-packages\torch\_C.cp38-win_amd64.pyd
0x000000006f7c0000 - 0x0000000071448000 	C:\this\venv\lib\site-packages\numpy\.libs\libopenblas.PYQHXLVVQ7VESDPUVUADXEVJOBGHJPAY.gfortran-win_amd64.dll
0x00007ffa11620000 - 0x00007ffa118ff000 	C:\this\venv\lib\site-packages\numpy\core\_multiarray_umath.cp38-win_amd64.pyd
0x00007ffa8c2b0000 - 0x00007ffa8c2d2000 	C:\this\venv\lib\site-packages\numpy\core\_multiarray_tests.cp38-win_amd64.pyd
0x00007ffa91900000 - 0x00007ffa9190c000 	C:\this\venv\lib\site-packages\numpy\linalg\lapack_lite.cp38-win_amd64.pyd
0x00007ffa826a0000 - 0x00007ffa826c6000 	C:\this\venv\lib\site-packages\numpy\linalg\_umath_linalg.cp38-win_amd64.pyd
0x00007ffa8fde0000 - 0x00007ffa8fe00000 	C:\this\venv\lib\site-packages\numpy\fft\_pocketfft_internal.cp38-win_amd64.pyd
0x00007ffa74460000 - 0x00007ffa744f2000 	C:\this\venv\lib\site-packages\numpy\random\mtrand.cp38-win_amd64.pyd
0x00007ffa82210000 - 0x00007ffa8223d000 	C:\this\venv\lib\site-packages\numpy\random\_bit_generator.cp38-win_amd64.pyd
0x00007ffa81a20000 - 0x00007ffa81a52000 	C:\this\venv\lib\site-packages\numpy\random\_common.cp38-win_amd64.pyd
0x00007ffa80cc0000 - 0x00007ffa80d12000 	C:\this\venv\lib\site-packages\numpy\random\_bounded_integers.cp38-win_amd64.pyd
0x00007ffa8f300000 - 0x00007ffa8f31e000 	C:\this\venv\lib\site-packages\numpy\random\_mt19937.cp38-win_amd64.pyd
0x00007ffa8f170000 - 0x00007ffa8f188000 	C:\this\venv\lib\site-packages\numpy\random\_philox.cp38-win_amd64.pyd
0x00007ffa8e350000 - 0x00007ffa8e366000 	C:\this\venv\lib\site-packages\numpy\random\_pcg64.cp38-win_amd64.pyd
0x00007ffa8ddb0000 - 0x00007ffa8ddc3000 	C:\this\venv\lib\site-packages\numpy\random\_sfc64.cp38-win_amd64.pyd
0x00007ffa71490000 - 0x00007ffa71538000 	C:\this\venv\lib\site-packages\numpy\random\_generator.cp38-win_amd64.pyd
0x00007ffa90f00000 - 0x00007ffa90f09000 	C:\anaconda3\DLLs\_multiprocessing.pyd
0x00007ffa8d7f0000 - 0x00007ffa8d802000 	C:\anaconda3\DLLs\_asyncio.pyd
0x00007ffa90cf0000 - 0x00007ffa90cfd000 	C:\anaconda3\DLLs\_overlapped.pyd
0x00007ffaaaee0000 - 0x00007ffaaaf4a000 	C:\Windows\system32\mswsock.dll
0x00007ffa90820000 - 0x00007ffa90829000 	C:\anaconda3\DLLs\_queue.pyd
0x00007ffa872e0000 - 0x00007ffa87320000 	C:\this\venv\lib\site-packages\pandas\_libs\tslibs\conversion.cp38-win_amd64.pyd
0x00007ffa85280000 - 0x00007ffa852bb000 	C:\this\venv\lib\site-packages\pandas\_libs\tslibs\c_timestamp.cp38-win_amd64.pyd
0x00007ffa82f50000 - 0x00007ffa82f86000 	C:\this\venv\lib\site-packages\pandas\_libs\tslibs\nattype.cp38-win_amd64.pyd
0x00007ffa82810000 - 0x00007ffa8283e000 	C:\this\venv\lib\site-packages\pandas\_libs\missing.cp38-win_amd64.pyd
0x00007ffa92530000 - 0x00007ffa92541000 	C:\this\venv\lib\site-packages\pandas\_libs\tslibs\np_datetime.cp38-win_amd64.pyd
0x00007ffa903d0000 - 0x00007ffa903e2000 	C:\this\venv\lib\site-packages\pandas\_libs\ops_dispatch.cp38-win_amd64.pyd
0x00007ffa827d0000 - 0x00007ffa82805000 	C:\this\venv\lib\site-packages\pandas\_libs\tslibs\timezones.cp38-win_amd64.pyd
0x00007ffa80500000 - 0x00007ffa8053f000 	C:\this\venv\lib\site-packages\pandas\_libs\tslibs\tzconversion.cp38-win_amd64.pyd
0x00007ffa7dc80000 - 0x00007ffa7dce6000 	C:\this\venv\lib\site-packages\pandas\_libs\tslibs\timedeltas.cp38-win_amd64.pyd
0x00007ffa763e0000 - 0x00007ffa7643b000 	C:\this\venv\lib\site-packages\pandas\_libs\tslibs\offsets.cp38-win_amd64.pyd
0x00007ffa8a660000 - 0x00007ffa8a673000 	C:\this\venv\lib\site-packages\pandas\_libs\tslibs\ccalendar.cp38-win_amd64.pyd
0x00007ffa75ea0000 - 0x00007ffa75ef5000 	C:\this\venv\lib\site-packages\pandas\_libs\tslibs\strptime.cp38-win_amd64.pyd
0x00007ffa7f130000 - 0x00007ffa7f16a000 	C:\this\venv\lib\site-packages\pandas\_libs\tslibs\fields.cp38-win_amd64.pyd
0x00007ffa75930000 - 0x00007ffa75986000 	C:\this\venv\lib\site-packages\pandas\_libs\tslibs\parsing.cp38-win_amd64.pyd
0x00007ffa819f0000 - 0x00007ffa81a11000 	C:\this\venv\lib\site-packages\pandas\_libs\tslibs\frequencies.cp38-win_amd64.pyd
0x00007ffa758d0000 - 0x00007ffa75930000 	C:\this\venv\lib\site-packages\pandas\_libs\tslibs\period.cp38-win_amd64.pyd
0x00007ffa7d0b0000 - 0x00007ffa7d0f4000 	C:\this\venv\lib\site-packages\pandas\_libs\tslibs\timestamps.cp38-win_amd64.pyd
0x00007ffa7ced0000 - 0x00007ffa7cf0a000 	C:\this\venv\lib\site-packages\pandas\_libs\tslibs\resolution.cp38-win_amd64.pyd
0x00007ffa715d0000 - 0x00007ffa71658000 	C:\this\venv\lib\site-packages\pandas\_libs\hashtable.cp38-win_amd64.pyd
0x00007ffa71550000 - 0x00007ffa715c7000 	C:\this\venv\lib\site-packages\pandas\_libs\lib.cp38-win_amd64.pyd
0x00007ffa7ccb0000 - 0x00007ffa7ccf4000 	C:\this\venv\lib\site-packages\pandas\_libs\tslib.cp38-win_amd64.pyd
0x00007ffa697f0000 - 0x00007ffa69913000 	C:\this\venv\lib\site-packages\pandas\_libs\interval.cp38-win_amd64.pyd
0x00007ffa56bb0000 - 0x00007ffa56cf9000 	C:\this\venv\lib\site-packages\pandas\_libs\algos.cp38-win_amd64.pyd
0x00007ffa84800000 - 0x00007ffa84814000 	C:\this\venv\lib\site-packages\pandas\_libs\properties.cp38-win_amd64.pyd
0x00007ffa7a6e0000 - 0x00007ffa7a70c000 	C:\this\venv\lib\site-packages\pandas\_libs\hashing.cp38-win_amd64.pyd
0x00007ffa799f0000 - 0x00007ffa79a24000 	C:\this\venv\lib\site-packages\pandas\_libs\ops.cp38-win_amd64.pyd
0x00007ffa71400000 - 0x00007ffa7148a000 	C:\this\venv\lib\site-packages\pandas\_libs\index.cp38-win_amd64.pyd
0x00007ffa4bf40000 - 0x00007ffa4c130000 	C:\this\venv\lib\site-packages\pandas\_libs\join.cp38-win_amd64.pyd
0x00007ffa69710000 - 0x00007ffa697e6000 	C:\this\venv\lib\site-packages\pandas\_libs\sparse.cp38-win_amd64.pyd
0x00007ffa92750000 - 0x00007ffa92760000 	C:\this\venv\lib\site-packages\pandas\_libs\indexing.cp38-win_amd64.pyd
0x00007ffa79600000 - 0x00007ffa79633000 	C:\this\venv\lib\site-packages\pandas\_libs\writers.cp38-win_amd64.pyd
0x00007ffa763a0000 - 0x00007ffa763db000 	C:\this\venv\lib\site-packages\pandas\_libs\internals.cp38-win_amd64.pyd
0x00007ffa73310000 - 0x00007ffa7334f000 	C:\this\venv\lib\site-packages\pandas\_libs\reshape.cp38-win_amd64.pyd
0x00007ffa71ce0000 - 0x00007ffa71d40000 	C:\this\venv\lib\site-packages\pandas\_libs\window\aggregations.cp38-win_amd64.pyd
0x00007ffa76a40000 - 0x00007ffa76a6a000 	C:\this\venv\lib\site-packages\pandas\_libs\window\indexers.cp38-win_amd64.pyd
0x00007ffa67450000 - 0x00007ffa67546000 	C:\this\venv\lib\site-packages\pandas\_libs\groupby.cp38-win_amd64.pyd
0x00007ffa6ab70000 - 0x00007ffa6abbe000 	C:\this\venv\lib\site-packages\pandas\_libs\reduction.cp38-win_amd64.pyd
0x00007ffa6a450000 - 0x00007ffa6a4c1000 	C:\this\venv\lib\site-packages\pandas\_libs\parsers.cp38-win_amd64.pyd
0x00007ffa83f60000 - 0x00007ffa83f74000 	C:\this\venv\lib\site-packages\pandas\_libs\json.cp38-win_amd64.pyd
0x00007ffa832e0000 - 0x00007ffa832f6000 	C:\this\venv\lib\site-packages\pandas\_libs\testing.cp38-win_amd64.pyd
0x00007ffa75dc0000 - 0x00007ffa75de8000 	C:\this\venv\lib\site-packages\sklearn\.libs\vcomp140.dll
0x00007ffa901c0000 - 0x00007ffa901ca000 	C:\this\venv\lib\site-packages\sklearn\__check_build\_check_build.cp38-win_amd64.pyd

dbghelp: loaded successfully - version: 4.0.5 - missing functions: none
symbol engine: initialized successfully - sym options: 0x614 - pdb path: .;C:\anaconda3;C:\Windows\SYSTEM32;C:\anaconda3\DLLs;C:\Program Files\Git\mingw64\bin;C:\this\venv\lib\site-packages\markupsafe;C:\this\venv\lib\site-packages\torch\lib;C:\this\venv\lib\site-packages\torch;C:\this\venv\lib\site-packages\numpy\.libs;C:\this\venv\lib\site-packages\numpy\core;C:\this\venv\lib\site-packages\numpy\linalg;C:\this\venv\lib\site-packages\numpy\fft;C:\this\venv\lib\site-packages\numpy\random;C:\this\venv\lib\site-packages\pandas\_libs\tslibs;C:\this\venv\lib\site-packages\pandas\_libs;C:\this\venv\lib\site-packages\pandas\_libs\window;C:\this\venv\lib\site-packages\sklearn\.libs;C:\this\venv\lib\site-packages\sklearn\__check_build;C:\this\venv\lib\site-packages\scipy\.libs;C:\this\venv\lib\site-packages\scipy\_lib;C:\this\venv\lib\site-packages\scipy\sparse;C:\this\venv\lib\site-packages\scipy\sparse\csgraph;C:\this\venv\lib\site-packages\sklearn\utils;C:\this\venv\lib\site-packages\scipy\spatial;C:\this\venv\lib\site-packages\scipy\linalg;C:\this\venv\lib\site-packages\scipy\special;C:\this\venv\lib\site-packages\scipy\spatial\transform;C:\this\venv\lib\site-packages\scipy\ndimage;C:\this\venv\lib\site-packages\scipy\optimize;C:\this\venv\lib\site-packages\scipy\sparse\linalg\isolve;C:\this\venv\lib\site-packages\scipy\sparse\linalg\dsolve;C:\this\venv\lib\site-packages\scipy\sparse\linalg\eigen\arpack;C:\this\venv\lib\site-packages\scipy\optimize\_trlib;C:\this\venv\lib\site-packages\scipy\optimize\_lsq;C:\this\venv\lib\site-packages\scipy\optimize\_highs;C:\this\venv\lib\site-packages\scipy\integrate;C:\this\venv\lib\site-packages\scipy\interpolate;C:\this\venv\lib\site-packages\scipy\stats;C:\this\venv\lib\site-packages\scipy\stats\_boost;C:\this\venv\lib\site-packages\sklearn\preprocessing;C:\this\venv\lib\site-packages\sklearn\metrics\cluster;C:\this\venv\lib\site-packages\sklearn\metrics;C:\this\venv\lib\site-packages\sklearn\linear_model;C:\this\venv\lib\site-packages\sklearn\svm;C:\this\venv\lib\site-packages;C:\this\venv\lib\site-packages\lxml;C:\this\venv\lib\site-packages\matplotlib;C:\Windows\WinSxS\amd64_microsoft.windows.common-controls_6595b64144ccf1df_6.0.19041.1110_none_60b5254171f9507e;C:\this\venv\lib\site-packages\matplotlib\backends;C:\this\venv\lib\site-packages\sklearn\decomposition;C:\this\venv\lib\site-packages\gensim;C:\this\venv\lib\site-packages\gensim\corpora;C:\this\venv\lib\site-packages\gensim\models;C:\this\venv\lib\site-packages\sklearn\neighbors;C:\Program Files\Java\jdk-15.0.1\bin\server;C:\Program Files\Java\jdk-15.0.1\bin

VM Arguments:
jvm_args: -Dfile.encoding=UTF8 -ea -Xmx1024m 
java_command: <unknown>
java_class_path (initial): C:\this\venv\Lib\site-packages\konlpy\java;C:\this\venv\Lib\site-packages\konlpy\java\bin;C:\this\venv\Lib\site-packages\konlpy\java\*;C:\this\venv\Lib\site-packages\konlpy\java\jhannanum-0.8.4.jar;C:\this\venv\Lib\site-packages\konlpy\java\kkma-2.0.jar;C:\this\venv\Lib\site-packages\konlpy\java\aho-corasick.jar;C:\this\venv\Lib\site-packages\konlpy\java\shineware-common-1.0.jar;C:\this\venv\Lib\site-packages\konlpy\java\shineware-ds-1.0.jar;C:\this\venv\Lib\site-packages\konlpy\java\komoran-3.0.jar;C:\this\venv\Lib\site-packages\konlpy\java\snakeyaml-1.12.jar;C:\this\venv\Lib\site-packages\konlpy\java\scala-library-2.12.3.jar;C:\this\venv\Lib\site-packages\konlpy\java\open-korean-text-2.1.0.jar;C:\this\venv\Lib\site-packages\konlpy\java\twitter-text-1.14.7.jar;C:\this\venv\Lib\site-packages\konlpy\java\*
Launcher Type: generic

[Global flags]
     intx CICompilerCount                          = 3                                         {product} {ergonomic}
     uint ConcGCThreads                            = 1                                         {product} {ergonomic}
     uint G1ConcRefinementThreads                  = 4                                         {product} {ergonomic}
   size_t G1HeapRegionSize                         = 1048576                                   {product} {ergonomic}
    uintx GCDrainStackTargetSize                   = 64                                        {product} {ergonomic}
   size_t InitialHeapSize                          = 201326592                                 {product} {ergonomic}
   size_t MarkStackSize                            = 4194304                                   {product} {ergonomic}
   size_t MaxHeapSize                              = 1073741824                                {product} {command line}
   size_t MaxNewSize                               = 643825664                                 {product} {ergonomic}
   size_t MinHeapDeltaBytes                        = 1048576                                   {product} {ergonomic}
   size_t MinHeapSize                              = 8388608                                   {product} {ergonomic}
    uintx NonNMethodCodeHeapSize                   = 5832780                                {pd product} {ergonomic}
    uintx NonProfiledCodeHeapSize                  = 122912730                              {pd product} {ergonomic}
    uintx ProfiledCodeHeapSize                     = 122912730                              {pd product} {ergonomic}
    uintx ReservedCodeCacheSize                    = 251658240                              {pd product} {ergonomic}
     bool SegmentedCodeCache                       = true                                      {product} {ergonomic}
   size_t SoftMaxHeapSize                          = 1073741824                             {manageable} {ergonomic}
     bool UseCompressedClassPointers               = true                                 {lp64_product} {ergonomic}
     bool UseCompressedOops                        = true                                 {lp64_product} {ergonomic}
     bool UseG1GC                                  = true                                      {product} {ergonomic}
     bool UseLargePagesIndividualAllocation        = false                                  {pd product} {ergonomic}

Logging:
Log output configuration:
 #0: stdout all=warning uptime,level,tags
 #1: stderr all=off uptime,level,tags

Environment Variables:
JAVA_HOME=C:\Program Files\Java\jdk-15.0.1
CLASSPATH=C:\Program Files\Java\jdk-15.0.1\bin
PATH=C;C:\this\venv\Scripts;C:\Users\Gook\bin;C:\Program Files\Git\mingw64\bin;C:\Program Files\Git\usr\local\bin;C:\Program Files\Git\usr\bin;C:\Program Files\Git\usr\bin;C:\Program Files\Git\mingw64\bin;C:\Program Files\Git\usr\bin;C:\Users\Gook\bin;C:\Program Files\Common Files\Oracle\Java\javapath;C:\anaconda3;C:\anaconda3\Library\mingw-w64\bin;C:\anaconda3\Library\usr\bin;C:\anaconda3\Library\bin;C:\anaconda3\Scripts;C:\Program Files\AdoptOpenJDK\jdk-15.0.2.7-hotspot\bin;C:\Program Files (x86)\Common Files\Oracle\Java\javapath;C:\Windows\system32;C:\Windows;C:\Windows\System32\Wbem;C:\Windows\System32\WindowsPowerShell\v1.0;C:\Windows\System32\OpenSSH;C:\Program Files\nodejs;C:\Program Files\TortoiseSVN\bin;C:\Program Files\PuTTY;C:\Program Files (x86)\Brackets\command;C:\Program Files (x86)\NetSarang\Xshell 7;C:\Program Files\Git\cmd;C:\apache-maven-3.6.3-bin\apache-maven-3.6.3\bin;C:\Hadoop\bi;C:\spark-3.1.2-bin-hadoop3.2\spark-3.1.2-bin-hadoop3.2\bin\bin;C:\apache-maven-3.6.3-bin\apache-maven-3.6.3\bin\bin;C:\Program Files\Java\jdk-15.0.1\bin";C:\Users\Gook\AppData\Local\Microsoft\WindowsApps;C:\Users\Gook\AppData\Roaming\npm;C:\Users\Gook\AppData\Local\Programs\Microsoft VS Code\bin;C:\Program Files (x86)\ESTsoft\ALSee\x64;C:\Program Files\Git\usr\bin\vendor_perl;C:\Program Files\Git\usr\bin\core_perl
USERNAME=Gook
SHELL=C:\Program Files\Git\usr\bin\bash.exe
DISPLAY=needs-to-be-defined
LANG=ko_KR.UTF-8
OS=Windows_NT
PROCESSOR_IDENTIFIER=Intel64 Family 6 Model 58 Stepping 9, GenuineIntel



---------------  S Y S T E M  ---------------

OS:
 Windows 10 , 64 bit Build 19041 (10.0.19041.1348)
OS uptime: 22 days 7:38 hours

CPU: total 4 (initial active 4) (2 cores per cpu, 2 threads per core) family 6 model 58 stepping 9 microcode 0x21, cmov, cx8, fxsr, mmx, sse, sse2, sse3, ssse3, sse4.1, sse4.2, popcnt, vzeroupper, avx, aes, clmul, erms, ht, tsc, tscinvbit, tscinv, clflush

Memory: 4k page, system-wide physical 12162M (3636M free)
TotalPageFile size 20348M (AvailPageFile size 3766M)
current process WorkingSet (physical memory assigned to process): 2442M, peak: 5185M
current process commit charge ("private bytes"): 2723M, peak: 5416M

vm_info: Java HotSpot(TM) 64-Bit Server VM (15.0.1+9-18) for windows-amd64 JRE (15.0.1+9-18), built on Sep 15 2020 14:43:54 by "mach5one" with unknown MS VC++:1925

END.
